<?xml version="1.0" encoding="UTF-8"?>
<testsuite xmlns:xsi="http://www.w3.org/2001/XMLSchema-instance" xsi:noNamespaceSchemaLocation="https://maven.apache.org/surefire/maven-surefire-plugin/xsd/surefire-test-report-3.0.xsd" version="3.0" name="zest.LongestIncreasingSubsequenceTest" time="1.448" tests="1" errors="0" skipped="0" failures="0">
  <properties>
    <property name="java.specification.version" value="21"/>
    <property name="sun.cpu.isalist" value="amd64"/>
    <property name="sun.jnu.encoding" value="UTF-8"/>
    <property name="java.class.path" value="C:\Users\nilsb\Desktop\uni\dev\FS24_SoftwareTesting_Assignments\assignment02\LongestIncreasingSubsequence\target\test-classes;C:\Users\nilsb\Desktop\uni\dev\FS24_SoftwareTesting_Assignments\assignment02\LongestIncreasingSubsequence\target\classes;C:\Users\nilsb\.m2\repository\org\junit\jupiter\junit-jupiter-engine\5.9.1\junit-jupiter-engine-5.9.1.jar;C:\Users\nilsb\.m2\repository\org\junit\platform\junit-platform-engine\1.9.1\junit-platform-engine-1.9.1.jar;C:\Users\nilsb\.m2\repository\org\opentest4j\opentest4j\1.2.0\opentest4j-1.2.0.jar;C:\Users\nilsb\.m2\repository\org\junit\platform\junit-platform-commons\1.9.1\junit-platform-commons-1.9.1.jar;C:\Users\nilsb\.m2\repository\org\junit\jupiter\junit-jupiter-api\5.9.1\junit-jupiter-api-5.9.1.jar;C:\Users\nilsb\.m2\repository\org\apiguardian\apiguardian-api\1.1.2\apiguardian-api-1.1.2.jar;C:\Users\nilsb\.m2\repository\net\jqwik\jqwik\1.8.4\jqwik-1.8.4.jar;C:\Users\nilsb\.m2\repository\net\jqwik\jqwik-api\1.8.4\jqwik-api-1.8.4.jar;C:\Users\nilsb\.m2\repository\net\jqwik\jqwik-web\1.8.4\jqwik-web-1.8.4.jar;C:\Users\nilsb\.m2\repository\net\jqwik\jqwik-time\1.8.4\jqwik-time-1.8.4.jar;C:\Users\nilsb\.m2\repository\net\jqwik\jqwik-engine\1.8.4\jqwik-engine-1.8.4.jar;"/>
    <property name="java.vm.vendor" value="Oracle Corporation"/>
    <property name="sun.arch.data.model" value="64"/>
    <property name="user.variant" value=""/>
    <property name="java.vendor.url" value="https://java.oracle.com/"/>
    <property name="user.timezone" value="Europe/Zurich"/>
    <property name="user.country.format" value="CH"/>
    <property name="os.name" value="Windows 11"/>
    <property name="java.vm.specification.version" value="21"/>
    <property name="sun.java.launcher" value="SUN_STANDARD"/>
    <property name="user.country" value="GB"/>
    <property name="sun.boot.library.path" value="C:\Program Files\Java\jdk-21\bin"/>
    <property name="sun.java.command" value="C:\Users\nilsb\AppData\Local\Temp\surefire9724561071058130330\surefirebooter4776411107913079271.jar C:\Users\nilsb\AppData\Local\Temp\surefire9724561071058130330 2024-04-19T20-27-01_263-jvmRun1 surefire10271620202848313189tmp surefire_010545893838205371458tmp"/>
    <property name="jdk.debug" value="release"/>
    <property name="surefire.test.class.path" value="C:\Users\nilsb\Desktop\uni\dev\FS24_SoftwareTesting_Assignments\assignment02\LongestIncreasingSubsequence\target\test-classes;C:\Users\nilsb\Desktop\uni\dev\FS24_SoftwareTesting_Assignments\assignment02\LongestIncreasingSubsequence\target\classes;C:\Users\nilsb\.m2\repository\org\junit\jupiter\junit-jupiter-engine\5.9.1\junit-jupiter-engine-5.9.1.jar;C:\Users\nilsb\.m2\repository\org\junit\platform\junit-platform-engine\1.9.1\junit-platform-engine-1.9.1.jar;C:\Users\nilsb\.m2\repository\org\opentest4j\opentest4j\1.2.0\opentest4j-1.2.0.jar;C:\Users\nilsb\.m2\repository\org\junit\platform\junit-platform-commons\1.9.1\junit-platform-commons-1.9.1.jar;C:\Users\nilsb\.m2\repository\org\junit\jupiter\junit-jupiter-api\5.9.1\junit-jupiter-api-5.9.1.jar;C:\Users\nilsb\.m2\repository\org\apiguardian\apiguardian-api\1.1.2\apiguardian-api-1.1.2.jar;C:\Users\nilsb\.m2\repository\net\jqwik\jqwik\1.8.4\jqwik-1.8.4.jar;C:\Users\nilsb\.m2\repository\net\jqwik\jqwik-api\1.8.4\jqwik-api-1.8.4.jar;C:\Users\nilsb\.m2\repository\net\jqwik\jqwik-web\1.8.4\jqwik-web-1.8.4.jar;C:\Users\nilsb\.m2\repository\net\jqwik\jqwik-time\1.8.4\jqwik-time-1.8.4.jar;C:\Users\nilsb\.m2\repository\net\jqwik\jqwik-engine\1.8.4\jqwik-engine-1.8.4.jar;"/>
    <property name="sun.cpu.endian" value="little"/>
    <property name="user.home" value="C:\Users\nilsb"/>
    <property name="user.language" value="en"/>
    <property name="java.specification.vendor" value="Oracle Corporation"/>
    <property name="java.version.date" value="2024-01-16"/>
    <property name="java.home" value="C:\Program Files\Java\jdk-21"/>
    <property name="file.separator" value="\"/>
    <property name="basedir" value="C:\Users\nilsb\Desktop\uni\dev\FS24_SoftwareTesting_Assignments\assignment02\LongestIncreasingSubsequence"/>
    <property name="java.vm.compressedOopsMode" value="32-bit"/>
    <property name="line.separator" value="&#10;"/>
    <property name="java.vm.specification.vendor" value="Oracle Corporation"/>
    <property name="java.specification.name" value="Java Platform API Specification"/>
    <property name="surefire.real.class.path" value="C:\Users\nilsb\AppData\Local\Temp\surefire9724561071058130330\surefirebooter4776411107913079271.jar"/>
    <property name="user.script" value=""/>
    <property name="sun.management.compiler" value="HotSpot 64-Bit Tiered Compilers"/>
    <property name="java.runtime.version" value="21.0.2+13-LTS-58"/>
    <property name="user.name" value="nilsb"/>
    <property name="stdout.encoding" value="UTF-8"/>
    <property name="path.separator" value=";"/>
    <property name="os.version" value="10.0"/>
    <property name="java.runtime.name" value="Java(TM) SE Runtime Environment"/>
    <property name="file.encoding" value="UTF-8"/>
    <property name="java.vm.name" value="Java HotSpot(TM) 64-Bit Server VM"/>
    <property name="localRepository" value="C:\Users\nilsb\.m2\repository"/>
    <property name="java.vendor.url.bug" value="https://bugreport.java.com/bugreport/"/>
    <property name="java.io.tmpdir" value="C:\Users\nilsb\AppData\Local\Temp\"/>
    <property name="java.version" value="21.0.2"/>
    <property name="user.dir" value="C:\Users\nilsb\Desktop\uni\dev\FS24_SoftwareTesting_Assignments\assignment02\LongestIncreasingSubsequence"/>
    <property name="os.arch" value="amd64"/>
    <property name="java.vm.specification.name" value="Java Virtual Machine Specification"/>
    <property name="user.language.format" value="de"/>
    <property name="sun.os.patch.level" value=""/>
    <property name="native.encoding" value="UTF-8"/>
    <property name="java.library.path" value="C:\Program Files\Java\jdk-21\bin;C:\WINDOWS\Sun\Java\bin;C:\WINDOWS\system32;C:\WINDOWS;C:\Program Files\Common Files\Oracle\Java\javapath;C:\Python37\Scripts\;C:\Python37\;C:\Program Files (x86)\Intel\iCLS Client\;C:\Program Files\Intel\iCLS Client\;C:\Windows\system32;C:\Windows;C:\Windows\System32\Wbem;C:\Windows\System32\WindowsPowerShell\v1.0\;C:\Windows\System32\OpenSSH\;C:\Program Files (x86)\Intel\Intel(R) Management Engine Components\DAL;C:\Program Files\Intel\Intel(R) Management Engine Components\DAL;C:\Program Files (x86)\Intel\Intel(R) Management Engine Components\IPT;C:\Program Files\Intel\Intel(R) Management Engine Components\IPT;C:\Program Files (x86)\NVIDIA Corporation\PhysX\Common;C:\Program Files\Intel\WiFi\bin\;C:\Program Files\Common Files\Intel\WirelessCommon\;C:\WINDOWS\system32;C:\WINDOWS;C:\WINDOWS\System32\Wbem;C:\WINDOWS\System32\WindowsPowerShell\v1.0\;C:\WINDOWS\System32\OpenSSH\;C:\Program Files\dotnet\;C:\Program Files\PostgreSQL\15\bin;C:\Program Files\Git\cmd;C:\Users\nilsb\AppData\Local\Programs\Python\Python312\Scripts\;C:\Users\nilsb\AppData\Local\Programs\Python\Python312\;C:\ProgramData\chocolatey\bin;C:\Program Files\nodejs\;C:\Program Files (x86)\BaseX\bin;C:\Program Files\Docker\Docker\resources\bin;C:\Users\nilsb\AppData\Local\Programs\Python\Python312\Scripts\;C:\Users\nilsb\AppData\Local\Programs\Python\Python312\;C:\Users\nilsb\AppData\Local\Microsoft\WindowsApps;C:\Users\nilsb\AppData\Local\Programs\Microsoft VS Code\bin;C:\Users\nilsb\AppData\Local\gitkraken\bin;C:\Users\nilsb\AppData\Local\GitHubDesktop\bin;C:\Program Files (x86)\Microsoft Visual Studio\2022\BuildTools\MSBuild\Current\Bin\x64;C:\Program Files (x86)\Microsoft Visual Studio\2022\BuildTools\MSBuild\Current\Bin\x86;C:\Program Files (x86)\Microsoft Visual Studio\2022\BuildTools\MSBuild\Current\Bin\amd64;C:\Users\nilsb\miniconda3;C:\Users\nilsb\miniconda3\Scripts;C:\Users\nilsb\AppData\Local\Programs\Python\Python39;C:\Users\nilsb\AppData\Local\Programs\Python\Python39\Scripts;C:\Users\nilsb\AppData\Roaming\npm;C:\Program Files\apache-maven-3.9.6\bin;;."/>
    <property name="java.vm.info" value="mixed mode, sharing"/>
    <property name="stderr.encoding" value="UTF-8"/>
    <property name="java.vendor" value="Oracle Corporation"/>
    <property name="java.vm.version" value="21.0.2+13-LTS-58"/>
    <property name="sun.io.unicode.encoding" value="UnicodeLittle"/>
    <property name="java.class.version" value="65.0"/>
  </properties>
  <testcase name="testLengthOfLIS_EmptyInput_ReturnsZero" classname="zest.LongestIncreasingSubsequenceTest" time="0.093"/>
  <testcase name="testLengthOfLIS_NullInput_ReturnsZero" classname="zest.LongestIncreasingSubsequenceTest" time="0.003"/>
  <testcase name="testLengthOfLIS_ValidInput_ReturnsMaxLength" classname="zest.LongestIncreasingSubsequenceTest" time="0.002"/>
  <testcase name="testLengthOfLIS_Property(Tuple$Tuple2)" classname="zest.LongestIncreasingSubsequenceTest" time="1.412">
    <system-out><![CDATA[timestamp = 2024-04-19T20:27:05.736840100, LongestIncreasingSubsequenceTest:testLengthOfLIS Property = 
                              |-----------------------jqwik-----------------------
tries = 1000                  | # of calls to property
checks = 1000                 | # of not rejected calls
generation = RANDOMIZED       | parameters are randomly generated
after-failure = SAMPLE_FIRST  | try previously failed sample, then previous seed
when-fixed-seed = ALLOW       | fixing the random seed is allowed
edge-cases#mode = MIXIN       | edge cases are mixed in
edge-cases#total = 99         | # of all combined edge cases
edge-cases#tried = 77         | # of edge cases tried in current run
seed = 7553368253556053490    | random seed to reproduce generated values


]]></system-out>
  </testcase>
</testsuite>