<?xml version="1.0" encoding="UTF-8"?>
<testsuite xmlns:xsi="http://www.w3.org/2001/XMLSchema-instance" xsi:noNamespaceSchemaLocation="https://maven.apache.org/surefire/maven-surefire-plugin/xsd/surefire-test-report-3.0.xsd" version="3.0" name="zest.PalindromeTwoTest" time="0.574" tests="56" errors="0" skipped="0" failures="0">
  <properties>
    <property name="java.specification.version" value="15"/>
    <property name="sun.cpu.isalist" value="amd64"/>
    <property name="sun.jnu.encoding" value="Cp1252"/>
    <property name="java.class.path" value="C:\Users\yaren\OneDrive\Masaüstü\uzh\1st semester\effective software testing\FS24_SoftwareTesting_Assignments\assignment01\palindrome\target\test-classes;C:\Users\yaren\OneDrive\Masaüstü\uzh\1st semester\effective software testing\FS24_SoftwareTesting_Assignments\assignment01\palindrome\target\classes;C:\Users\yaren\.m2\repository\org\junit\jupiter\junit-jupiter-engine\5.9.1\junit-jupiter-engine-5.9.1.jar;C:\Users\yaren\.m2\repository\org\junit\platform\junit-platform-engine\1.9.1\junit-platform-engine-1.9.1.jar;C:\Users\yaren\.m2\repository\org\opentest4j\opentest4j\1.2.0\opentest4j-1.2.0.jar;C:\Users\yaren\.m2\repository\org\junit\platform\junit-platform-commons\1.9.1\junit-platform-commons-1.9.1.jar;C:\Users\yaren\.m2\repository\org\junit\jupiter\junit-jupiter-api\5.9.1\junit-jupiter-api-5.9.1.jar;C:\Users\yaren\.m2\repository\org\apiguardian\apiguardian-api\1.1.2\apiguardian-api-1.1.2.jar;C:\Users\yaren\.m2\repository\org\junit\platform\junit-platform-suite-engine\1.9.1\junit-platform-suite-engine-1.9.1.jar;C:\Users\yaren\.m2\repository\org\junit\platform\junit-platform-suite-api\1.9.1\junit-platform-suite-api-1.9.1.jar;C:\Users\yaren\.m2\repository\org\junit\platform\junit-platform-suite-commons\1.9.1\junit-platform-suite-commons-1.9.1.jar;C:\Users\yaren\.m2\repository\org\junit\platform\junit-platform-launcher\1.9.1\junit-platform-launcher-1.9.1.jar;C:\Users\yaren\.m2\repository\org\junit\jupiter\junit-jupiter-params\5.10.0\junit-jupiter-params-5.10.0.jar;"/>
    <property name="java.vm.vendor" value="Oracle Corporation"/>
    <property name="sun.arch.data.model" value="64"/>
    <property name="user.variant" value=""/>
    <property name="java.vendor.url" value="https://java.oracle.com/"/>
    <property name="user.timezone" value="Europe/Berlin"/>
    <property name="os.name" value="Windows 10"/>
    <property name="java.vm.specification.version" value="15"/>
    <property name="sun.java.launcher" value="SUN_STANDARD"/>
    <property name="user.country" value="US"/>
    <property name="sun.boot.library.path" value="C:\Program Files\Java\jdk-15.0.1\bin"/>
    <property name="sun.java.command" value="C:\Users\yaren\AppData\Local\Temp\surefire10258940149974289827\surefirebooter-20240325013145964_3.jar C:\Users\yaren\AppData\Local\Temp\surefire10258940149974289827 2024-03-25T01-31-45_612-jvmRun1 surefire-20240325013145964_1tmp surefire_0-20240325013145964_2tmp"/>
    <property name="jdk.debug" value="release"/>
    <property name="surefire.test.class.path" value="C:\Users\yaren\OneDrive\Masaüstü\uzh\1st semester\effective software testing\FS24_SoftwareTesting_Assignments\assignment01\palindrome\target\test-classes;C:\Users\yaren\OneDrive\Masaüstü\uzh\1st semester\effective software testing\FS24_SoftwareTesting_Assignments\assignment01\palindrome\target\classes;C:\Users\yaren\.m2\repository\org\junit\jupiter\junit-jupiter-engine\5.9.1\junit-jupiter-engine-5.9.1.jar;C:\Users\yaren\.m2\repository\org\junit\platform\junit-platform-engine\1.9.1\junit-platform-engine-1.9.1.jar;C:\Users\yaren\.m2\repository\org\opentest4j\opentest4j\1.2.0\opentest4j-1.2.0.jar;C:\Users\yaren\.m2\repository\org\junit\platform\junit-platform-commons\1.9.1\junit-platform-commons-1.9.1.jar;C:\Users\yaren\.m2\repository\org\junit\jupiter\junit-jupiter-api\5.9.1\junit-jupiter-api-5.9.1.jar;C:\Users\yaren\.m2\repository\org\apiguardian\apiguardian-api\1.1.2\apiguardian-api-1.1.2.jar;C:\Users\yaren\.m2\repository\org\junit\platform\junit-platform-suite-engine\1.9.1\junit-platform-suite-engine-1.9.1.jar;C:\Users\yaren\.m2\repository\org\junit\platform\junit-platform-suite-api\1.9.1\junit-platform-suite-api-1.9.1.jar;C:\Users\yaren\.m2\repository\org\junit\platform\junit-platform-suite-commons\1.9.1\junit-platform-suite-commons-1.9.1.jar;C:\Users\yaren\.m2\repository\org\junit\platform\junit-platform-launcher\1.9.1\junit-platform-launcher-1.9.1.jar;C:\Users\yaren\.m2\repository\org\junit\jupiter\junit-jupiter-params\5.10.0\junit-jupiter-params-5.10.0.jar;"/>
    <property name="sun.cpu.endian" value="little"/>
    <property name="user.home" value="C:\Users\yaren"/>
    <property name="user.language" value="en"/>
    <property name="java.specification.vendor" value="Oracle Corporation"/>
    <property name="java.version.date" value="2020-10-20"/>
    <property name="java.home" value="C:\Program Files\Java\jdk-15.0.1"/>
    <property name="file.separator" value="\"/>
    <property name="basedir" value="C:\Users\yaren\OneDrive\Masaüstü\uzh\1st semester\effective software testing\FS24_SoftwareTesting_Assignments\assignment01\palindrome"/>
    <property name="java.vm.compressedOopsMode" value="Zero based"/>
    <property name="line.separator" value="&#10;"/>
    <property name="java.vm.specification.vendor" value="Oracle Corporation"/>
    <property name="java.specification.name" value="Java Platform API Specification"/>
    <property name="surefire.real.class.path" value="C:\Users\yaren\AppData\Local\Temp\surefire10258940149974289827\surefirebooter-20240325013145964_3.jar"/>
    <property name="user.script" value=""/>
    <property name="sun.management.compiler" value="HotSpot 64-Bit Tiered Compilers"/>
    <property name="java.runtime.version" value="15.0.1+9-18"/>
    <property name="user.name" value="yaren"/>
    <property name="path.separator" value=";"/>
    <property name="os.version" value="10.0"/>
    <property name="java.runtime.name" value="Java(TM) SE Runtime Environment"/>
    <property name="file.encoding" value="Cp1252"/>
    <property name="java.vm.name" value="Java HotSpot(TM) 64-Bit Server VM"/>
    <property name="localRepository" value="C:\Users\yaren\.m2\repository"/>
    <property name="java.vendor.url.bug" value="https://bugreport.java.com/bugreport/"/>
    <property name="java.io.tmpdir" value="C:\Users\yaren\AppData\Local\Temp\"/>
    <property name="java.version" value="15.0.1"/>
    <property name="user.dir" value="C:\Users\yaren\OneDrive\Masaüstü\uzh\1st semester\effective software testing\FS24_SoftwareTesting_Assignments\assignment01\palindrome"/>
    <property name="os.arch" value="amd64"/>
    <property name="java.vm.specification.name" value="Java Virtual Machine Specification"/>
    <property name="sun.os.patch.level" value=""/>
    <property name="java.library.path" value="C:\Program Files\Java\jdk-15.0.1\bin;C:\WINDOWS\Sun\Java\bin;C:\WINDOWS\system32;C:\WINDOWS;C:\Windows\system32;C:\Windows;C:\Windows\System32\Wbem;C:\Windows\System32\WindowsPowerShell\v1.0\;C:\Windows\System32\OpenSSH\;C:\Program Files (x86)\NVIDIA Corporation\PhysX\Common;C:\MinGW\bin;C:\Program Files\PuTTY\;C:\Program Files\Java\jdk-15.0.1\bin;C:\WINDOWS\system32;C:\WINDOWS;C:\WINDOWS\System32\Wbem;C:\WINDOWS\System32\WindowsPowerShell\v1.0\;C:\WINDOWS\System32\OpenSSH\;C:\Program Files (x86)\Windows Live\Shared;C:\Program Files\Git\cmd;C:\Program Files\flutter_windows_2.5.3-stable\flutter\bin;C:\ProgramData\chocolatey\bin;C:\Program Files\MATLAB\R2021b\bin;C:\Program Files\MariaDB\MariaDB Connector C 64-bit\lib\;C:\Program Files\MariaDB\MariaDB Connector C 64-bit\lib\plugin\;C:\Program Files\nodejs\;C:\Program Files\PostgreSQL\15\bin;C:\Program Files\Docker\Docker\resources\bin;C:\Program Files (x86)\sqlite3;C:\Strawberry\c\bin;C:\Strawberry\perl\site\bin;C:\Strawberry\perl\bin;C:\Program Files\dotnet\;C:\Users\yaren\AppData\Local\Programs\Python\Python311\Scripts\;C:\Users\yaren\AppData\Local\Programs\Python\Python311\;C:\Program Files\MySQL\MySQL Shell 8.0\bin\;C:\Users\yaren\AppData\Local\Microsoft\WindowsApps;C:\MinGW\bin;C:\Users\yaren\AppData\Local\GitHubDesktop\bin;C:\Users\yaren\AppData\Local\Programs\Microsoft VS Code\bin;C:\Program Files\JetBrains\IntelliJ IDEA 2022.3.3\bin;;C:\Program Files\apache-maven-3.8.4\bin;C:\Users\yaren\AppData\Roaming\npm;C:\Users\yaren\AppData\Local\Programs\MiKTeX\miktex\bin\x64\;C:\Users\yaren\AppData\Local\Coursier\data\bin;."/>
    <property name="java.vm.info" value="mixed mode, sharing"/>
    <property name="java.vendor" value="Oracle Corporation"/>
    <property name="java.vm.version" value="15.0.1+9-18"/>
    <property name="sun.io.unicode.encoding" value="UnicodeLittle"/>
    <property name="java.class.version" value="59.0"/>
  </properties>
  <testcase name="testEvenNonPalindrome(int)[1]" classname="zest.PalindromeTwoTest" time="0.099"/>
  <testcase name="testEvenNonPalindrome(int)[2]" classname="zest.PalindromeTwoTest" time="0.003"/>
  <testcase name="testEvenNonPalindrome(int)[3]" classname="zest.PalindromeTwoTest" time="0.006"/>
  <testcase name="testEvenNonPalindrome(int)[4]" classname="zest.PalindromeTwoTest" time="0.004"/>
  <testcase name="testEvenNonPalindrome(int)[5]" classname="zest.PalindromeTwoTest" time="0.002"/>
  <testcase name="testEvenNonPalindrome(int)[6]" classname="zest.PalindromeTwoTest" time="0.002"/>
  <testcase name="testEvenNonPalindrome(int)[7]" classname="zest.PalindromeTwoTest" time="0.004"/>
  <testcase name="testEvenNonPalindrome(int)[8]" classname="zest.PalindromeTwoTest" time="0.002"/>
  <testcase name="testSingleDigits(int)[1]" classname="zest.PalindromeTwoTest" time="0.003"/>
  <testcase name="testSingleDigits(int)[2]" classname="zest.PalindromeTwoTest" time="0.002"/>
  <testcase name="testSingleDigits(int)[3]" classname="zest.PalindromeTwoTest" time="0.002"/>
  <testcase name="testSingleDigits(int)[4]" classname="zest.PalindromeTwoTest" time="0.003"/>
  <testcase name="testSingleDigits(int)[5]" classname="zest.PalindromeTwoTest" time="0.002"/>
  <testcase name="testSingleDigits(int)[6]" classname="zest.PalindromeTwoTest" time="0.003"/>
  <testcase name="testSingleDigits(int)[7]" classname="zest.PalindromeTwoTest" time="0.01"/>
  <testcase name="testSingleDigits(int)[8]" classname="zest.PalindromeTwoTest" time="0.003"/>
  <testcase name="testSingleDigits(int)[9]" classname="zest.PalindromeTwoTest" time="0.002"/>
  <testcase name="testSingleDigits(int)[10]" classname="zest.PalindromeTwoTest" time="0.003"/>
  <testcase name="testEvenPalindrome(int)[1]" classname="zest.PalindromeTwoTest" time="0.002"/>
  <testcase name="testEvenPalindrome(int)[2]" classname="zest.PalindromeTwoTest" time="0.002"/>
  <testcase name="testEvenPalindrome(int)[3]" classname="zest.PalindromeTwoTest" time="0.002"/>
  <testcase name="testEvenPalindrome(int)[4]" classname="zest.PalindromeTwoTest" time="0.001"/>
  <testcase name="testEvenPalindrome(int)[5]" classname="zest.PalindromeTwoTest" time="0.001"/>
  <testcase name="testEvenPalindrome(int)[6]" classname="zest.PalindromeTwoTest" time="0.002"/>
  <testcase name="testEvenPalindrome(int)[7]" classname="zest.PalindromeTwoTest" time="0.002"/>
  <testcase name="testEvenPalindrome(int)[8]" classname="zest.PalindromeTwoTest" time="0.001"/>
  <testcase name="testOddNonPalindrome(int)[1]" classname="zest.PalindromeTwoTest" time="0.002"/>
  <testcase name="testOddNonPalindrome(int)[2]" classname="zest.PalindromeTwoTest" time="0.001"/>
  <testcase name="testOddNonPalindrome(int)[3]" classname="zest.PalindromeTwoTest" time="0.002"/>
  <testcase name="testOddNonPalindrome(int)[4]" classname="zest.PalindromeTwoTest" time="0.001"/>
  <testcase name="testOddNonPalindrome(int)[5]" classname="zest.PalindromeTwoTest" time="0.002"/>
  <testcase name="testOddPalindrome(int)[1]" classname="zest.PalindromeTwoTest" time="0.002"/>
  <testcase name="testOddPalindrome(int)[2]" classname="zest.PalindromeTwoTest" time="0.001"/>
  <testcase name="testOddPalindrome(int)[3]" classname="zest.PalindromeTwoTest" time="0.002"/>
  <testcase name="testOddPalindrome(int)[4]" classname="zest.PalindromeTwoTest" time="0.002"/>
  <testcase name="testOddPalindrome(int)[5]" classname="zest.PalindromeTwoTest" time="0.002"/>
  <testcase name="testOddPalindrome(int)[6]" classname="zest.PalindromeTwoTest" time="0.002"/>
  <testcase name="testBoundariesNonPalindrome(int)[1]" classname="zest.PalindromeTwoTest" time="0.002"/>
  <testcase name="testBoundariesNonPalindrome(int)[2]" classname="zest.PalindromeTwoTest" time="0.003"/>
  <testcase name="testMutants(int)[1]" classname="zest.PalindromeTwoTest" time="0.002"/>
  <testcase name="testMutants(int)[2]" classname="zest.PalindromeTwoTest" time="0.002"/>
  <testcase name="testMutants(int)[3]" classname="zest.PalindromeTwoTest" time="0.003"/>
  <testcase name="testMutants(int)[4]" classname="zest.PalindromeTwoTest" time="0.002"/>
  <testcase name="testMutants(int)[5]" classname="zest.PalindromeTwoTest" time="0.001"/>
  <testcase name="testMutants(int)[6]" classname="zest.PalindromeTwoTest" time="0.001"/>
  <testcase name="testBoundariesPalindrome(int)[1]" classname="zest.PalindromeTwoTest" time="0.003"/>
  <testcase name="testBoundariesPalindrome(int)[2]" classname="zest.PalindromeTwoTest" time="0.001"/>
  <testcase name="testBoundariesPalindrome(int)[3]" classname="zest.PalindromeTwoTest" time="0.002"/>
  <testcase name="testBoundariesPalindrome(int)[4]" classname="zest.PalindromeTwoTest" time="0.002"/>
  <testcase name="testMaxVal" classname="zest.PalindromeTwoTest" time="0.005"/>
  <testcase name="testMinVal" classname="zest.PalindromeTwoTest" time="0.002"/>
  <testcase name="testNegativeInteger(int)[1]" classname="zest.PalindromeTwoTest" time="0.004"/>
  <testcase name="testNegativeInteger(int)[2]" classname="zest.PalindromeTwoTest" time="0.003"/>
  <testcase name="testNegativeInteger(int)[3]" classname="zest.PalindromeTwoTest" time="0.003"/>
  <testcase name="testNegativeInteger(int)[4]" classname="zest.PalindromeTwoTest" time="0.006"/>
  <testcase name="testNegativeInteger(int)[5]" classname="zest.PalindromeTwoTest" time="0.001"/>
</testsuite>